<?xml version="1.0" encoding="UTF-8"?>
<!-- Generated by org.testng.reporters.JUnitXMLReporter -->
<testsuite ignored="0" hostname="LAPTOP-7R3ISEKB" failures="0" tests="9" name="Login Tests" time="27.259" errors="0" timestamp="2024-11-10T15:51:29 EET">
  <testcase classname="tests.LoginTests" name="testEmptyPassword" time="0.541"/>
  <testcase classname="tests.LoginTests" name="testEmptyUsername" time="0.518"/>
  <testcase classname="tests.LoginTests" name="testInvalidLogin" time="0.564"/>
  <testcase classname="tests.LoginTests" name="testLoginMultipleUsers" time="0.517"/>
  <testcase classname="tests.LoginTests" name="testLoginMultipleUsers" time="0.518"/>
  <testcase classname="tests.LoginTests" name="testLoginMultipleUsers" time="0.493"/>
  <testcase classname="tests.LoginTests" name="testLoginMultipleUsers" time="5.553"/>
  <testcase classname="tests.LoginTests" name="testLoginMultipleUsers" time="0.495"/>
  <testcase classname="tests.LoginTests" name="testLoginMultipleUsers" time="0.544"/>
</testsuite> <!-- Login Tests -->
